This file contains any messages produced by compilers while
running configure, to aid debugging if configure makes a mistake.

It was created by configure, which was
generated by GNU Autoconf 2.71.  Invocation command line was

  $ ./configure

## --------- ##
## Platform. ##
## --------- ##

hostname = colum-HP-ZBook-15u-G6
uname -m = x86_64
uname -r = 5.15.0-60-generic
uname -s = Linux
uname -v = #66-Ubuntu SMP Fri Jan 20 14:29:49 UTC 2023

/usr/bin/uname -p = x86_64
/bin/uname -X     = unknown

/bin/arch              = x86_64
/usr/bin/arch -k       = unknown
/usr/convex/getsysinfo = unknown
/usr/bin/hostinfo      = unknown
/bin/machine           = unknown
/usr/bin/oslevel       = unknown
/bin/universe          = unknown

PATH: /home/colum/bin/
PATH: /usr/local/sbin/
PATH: /usr/local/bin/
PATH: /usr/sbin/
PATH: /usr/bin/
PATH: /sbin/
PATH: /bin/
PATH: /usr/games/
PATH: /usr/local/games/
PATH: /snap/bin/


## ----------- ##
## Core tests. ##
## ----------- ##

configure:2294: checking for gcc
configure:2315: found /usr/bin/gcc
configure:2326: result: gcc
configure:2679: checking for C compiler version
configure:2688: gcc --version >&5
gcc (Ubuntu 11.3.0-1ubuntu1~22.04) 11.3.0
Copyright (C) 2021 Free Software Foundation, Inc.
This is free software; see the source for copying conditions.  There is NO
warranty; not even for MERCHANTABILITY or FITNESS FOR A PARTICULAR PURPOSE.

configure:2699: $? = 0
configure:2688: gcc -v >&5
Using built-in specs.
COLLECT_GCC=gcc
COLLECT_LTO_WRAPPER=/usr/lib/gcc/x86_64-linux-gnu/11/lto-wrapper
OFFLOAD_TARGET_NAMES=nvptx-none:amdgcn-amdhsa
OFFLOAD_TARGET_DEFAULT=1
Target: x86_64-linux-gnu
Configured with: ../src/configure -v --with-pkgversion='Ubuntu 11.3.0-1ubuntu1~22.04' --with-bugurl=file:///usr/share/doc/gcc-11/README.Bugs --enable-languages=c,ada,c++,go,brig,d,fortran,objc,obj-c++,m2 --prefix=/usr --with-gcc-major-version-only --program-suffix=-11 --program-prefix=x86_64-linux-gnu- --enable-shared --enable-linker-build-id --libexecdir=/usr/lib --without-included-gettext --enable-threads=posix --libdir=/usr/lib --enable-nls --enable-bootstrap --enable-clocale=gnu --enable-libstdcxx-debug --enable-libstdcxx-time=yes --with-default-libstdcxx-abi=new --enable-gnu-unique-object --disable-vtable-verify --enable-plugin --enable-default-pie --with-system-zlib --enable-libphobos-checking=release --with-target-system-zlib=auto --enable-objc-gc=auto --enable-multiarch --disable-werror --enable-cet --with-arch-32=i686 --with-abi=m64 --with-multilib-list=m32,m64,mx32 --enable-multilib --with-tune=generic --enable-offload-targets=nvptx-none=/build/gcc-11-xKiWfi/gcc-11-11.3.0/debian/tmp-nvptx/usr,amdgcn-amdhsa=/build/gcc-11-xKiWfi/gcc-11-11.3.0/debian/tmp-gcn/usr --without-cuda-driver --enable-checking=release --build=x86_64-linux-gnu --host=x86_64-linux-gnu --target=x86_64-linux-gnu --with-build-config=bootstrap-lto-lean --enable-link-serialization=2
Thread model: posix
Supported LTO compression algorithms: zlib zstd
gcc version 11.3.0 (Ubuntu 11.3.0-1ubuntu1~22.04) 
... rest of stderr output deleted ...
configure:2699: $? = 0
configure:2688: gcc -V >&5
gcc: error: unrecognized command-line option '-V'
gcc: fatal error: no input files
compilation terminated.
configure:2699: $? = 1
configure:2688: gcc -qversion >&5
gcc: error: unrecognized command-line option '-qversion'; did you mean '--version'?
gcc: fatal error: no input files
compilation terminated.
configure:2699: $? = 1
configure:2688: gcc -version >&5
gcc: error: unrecognized command-line option '-version'
gcc: fatal error: no input files
compilation terminated.
configure:2699: $? = 1
configure:2719: checking whether the C compiler works
configure:2741: gcc    conftest.c  >&5
configure:2745: $? = 0
configure:2795: result: yes
configure:2798: checking for C compiler default output file name
configure:2800: result: a.out
configure:2806: checking for suffix of executables
configure:2813: gcc -o conftest    conftest.c  >&5
configure:2817: $? = 0
configure:2840: result: 
configure:2862: checking whether we are cross compiling
configure:2870: gcc -o conftest    conftest.c  >&5
configure:2874: $? = 0
configure:2881: ./conftest
configure:2885: $? = 0
configure:2900: result: no
configure:2905: checking for suffix of object files
configure:2928: gcc -c   conftest.c >&5
configure:2932: $? = 0
configure:2954: result: o
configure:2958: checking whether the compiler supports GNU C
configure:2978: gcc -c   conftest.c >&5
configure:2978: $? = 0
configure:2988: result: yes
configure:2999: checking whether gcc accepts -g
configure:3020: gcc -c -g  conftest.c >&5
configure:3020: $? = 0
configure:3064: result: yes
configure:3084: checking for gcc option to enable C11 features
configure:3099: gcc  -c -g -O2  conftest.c >&5
configure:3099: $? = 0
configure:3117: result: none needed
configure:3233: checking whether make sets $(MAKE)
configure:3256: result: yes
configure:3270: checking for stdio.h
configure:3270: gcc -c -g -O2  conftest.c >&5
configure:3270: $? = 0
configure:3270: result: yes
configure:3270: checking for stdlib.h
configure:3270: gcc -c -g -O2  conftest.c >&5
configure:3270: $? = 0
configure:3270: result: yes
configure:3270: checking for string.h
configure:3270: gcc -c -g -O2  conftest.c >&5
configure:3270: $? = 0
configure:3270: result: yes
configure:3270: checking for inttypes.h
configure:3270: gcc -c -g -O2  conftest.c >&5
configure:3270: $? = 0
configure:3270: result: yes
configure:3270: checking for stdint.h
configure:3270: gcc -c -g -O2  conftest.c >&5
configure:3270: $? = 0
configure:3270: result: yes
configure:3270: checking for strings.h
configure:3270: gcc -c -g -O2  conftest.c >&5
configure:3270: $? = 0
configure:3270: result: yes
configure:3270: checking for sys/stat.h
configure:3270: gcc -c -g -O2  conftest.c >&5
configure:3270: $? = 0
configure:3270: result: yes
configure:3270: checking for sys/types.h
configure:3270: gcc -c -g -O2  conftest.c >&5
configure:3270: $? = 0
configure:3270: result: yes
configure:3270: checking for unistd.h
configure:3270: gcc -c -g -O2  conftest.c >&5
configure:3270: $? = 0
configure:3270: result: yes
configure:3295: checking for grep that handles long lines and -e
configure:3359: result: /usr/bin/grep
configure:3367: checking for egrep
configure:3435: result: /usr/bin/grep -E
configure:3449: checking for special C compiler options needed for large files
configure:3497: result: no
configure:3503: checking for _FILE_OFFSET_BITS value needed for large files
configure:3529: gcc -c -g -O2  conftest.c >&5
configure:3529: $? = 0
configure:3563: result: no
configure:3646: checking for an ANSI C-conforming const
configure:3713: gcc -c -g -O2  conftest.c >&5
configure:3713: $? = 0
configure:3721: result: yes
configure:3729: checking for C/C++ restrict keyword
configure:3759: gcc -c -g -O2  conftest.c >&5
configure:3759: $? = 0
configure:3768: result: __restrict__
configure:3779: checking for working volatile
configure:3799: gcc -c -g -O2  conftest.c >&5
configure:3799: $? = 0
configure:3807: result: yes
configure:3815: checking for inline
configure:3832: gcc -c -g -O2  conftest.c >&5
configure:3832: $? = 0
configure:3841: result: inline
configure:4017: checking for unshare in -lc
configure:4040: gcc -o conftest -g -O2   conftest.c -lc   >&5
configure:4040: $? = 0
configure:4050: result: yes
configure:4213: creating ./config.status

## ---------------------- ##
## Running config.status. ##
## ---------------------- ##

This file was extended by config.status, which was
generated by GNU Autoconf 2.71.  Invocation command line was

  CONFIG_FILES    = 
  CONFIG_HEADERS  = 
  CONFIG_LINKS    = 
  CONFIG_COMMANDS = 
  $ ./config.status 

on colum-HP-ZBook-15u-G6

config.status:718: creating Makefile

## ---------------- ##
## Cache variables. ##
## ---------------- ##

ac_cv_c_compiler_gnu=yes
ac_cv_c_const=yes
ac_cv_c_inline=inline
ac_cv_c_restrict=__restrict__
ac_cv_c_volatile=yes
ac_cv_env_CC_set=
ac_cv_env_CC_value=
ac_cv_env_CFLAGS_set=
ac_cv_env_CFLAGS_value=
ac_cv_env_CPPFLAGS_set=
ac_cv_env_CPPFLAGS_value=
ac_cv_env_LDFLAGS_set=
ac_cv_env_LDFLAGS_value=
ac_cv_env_LIBS_set=
ac_cv_env_LIBS_value=
ac_cv_env_build_alias_set=
ac_cv_env_build_alias_value=
ac_cv_env_host_alias_set=
ac_cv_env_host_alias_value=
ac_cv_env_target_alias_set=
ac_cv_env_target_alias_value=
ac_cv_header_inttypes_h=yes
ac_cv_header_stdint_h=yes
ac_cv_header_stdio_h=yes
ac_cv_header_stdlib_h=yes
ac_cv_header_string_h=yes
ac_cv_header_strings_h=yes
ac_cv_header_sys_stat_h=yes
ac_cv_header_sys_types_h=yes
ac_cv_header_unistd_h=yes
ac_cv_lib_c_unshare=yes
ac_cv_objext=o
ac_cv_path_EGREP='/usr/bin/grep -E'
ac_cv_path_GREP=/usr/bin/grep
ac_cv_prog_ac_ct_CC=gcc
ac_cv_prog_cc_c11=
ac_cv_prog_cc_g=yes
ac_cv_prog_cc_stdc=
ac_cv_prog_make_make_set=yes
ac_cv_sys_file_offset_bits=no
ac_cv_sys_largefile_CC=no

## ----------------- ##
## Output variables. ##
## ----------------- ##

CC='gcc'
CFLAGS='-g -O2'
CPPFLAGS=''
DEFS='-DPACKAGE_NAME=\"\" -DPACKAGE_TARNAME=\"\" -DPACKAGE_VERSION=\"\" -DPACKAGE_STRING=\"\" -DPACKAGE_BUGREPORT=\"\" -DPACKAGE_URL=\"\" -DHAVE_STDIO_H=1 -DHAVE_STDLIB_H=1 -DHAVE_STRING_H=1 -DHAVE_INTTYPES_H=1 -DHAVE_STDINT_H=1 -DHAVE_STRINGS_H=1 -DHAVE_SYS_STAT_H=1 -DHAVE_SYS_TYPES_H=1 -DHAVE_UNISTD_H=1 -DSTDC_HEADERS=1 -Drestrict=__restrict__ -DHAVE_LIBC=1 -DHAVE_UNSHARE=1'
ECHO_C=''
ECHO_N='-n'
ECHO_T=''
EGREP='/usr/bin/grep -E'
EXEEXT=''
GREP='/usr/bin/grep'
LDFLAGS=''
LIBOBJS=''
LIBS='-lc '
LTLIBOBJS=''
OBJEXT='o'
PACKAGE_BUGREPORT=''
PACKAGE_NAME=''
PACKAGE_STRING=''
PACKAGE_TARNAME=''
PACKAGE_URL=''
PACKAGE_VERSION=''
PATH_SEPARATOR=':'
SET_MAKE=''
SHELL='/bin/bash'
X11_HOOKS_OBJ=''
ac_ct_CC='gcc'
bindir='${exec_prefix}/bin'
build_alias=''
datadir='${datarootdir}'
datarootdir='${prefix}/share'
docdir='${datarootdir}/doc/${PACKAGE}'
dvidir='${docdir}'
exec_prefix='${prefix}'
host_alias=''
htmldir='${docdir}'
includedir='${prefix}/include'
infodir='${datarootdir}/info'
libdir='${exec_prefix}/lib'
libexecdir='${exec_prefix}/libexec'
localedir='${datarootdir}/locale'
localstatedir='${prefix}/var'
mandir='${datarootdir}/man'
oldincludedir='/usr/include'
pdfdir='${docdir}'
prefix='/usr/local'
program_transform_name='s,x,x,'
psdir='${docdir}'
runstatedir='${localstatedir}/run'
sbindir='${exec_prefix}/sbin'
sharedstatedir='${prefix}/com'
sysconfdir='${prefix}/etc'
target_alias=''

## ----------- ##
## confdefs.h. ##
## ----------- ##

/* confdefs.h */
#define PACKAGE_NAME ""
#define PACKAGE_TARNAME ""
#define PACKAGE_VERSION ""
#define PACKAGE_STRING ""
#define PACKAGE_BUGREPORT ""
#define PACKAGE_URL ""
#define HAVE_STDIO_H 1
#define HAVE_STDLIB_H 1
#define HAVE_STRING_H 1
#define HAVE_INTTYPES_H 1
#define HAVE_STDINT_H 1
#define HAVE_STRINGS_H 1
#define HAVE_SYS_STAT_H 1
#define HAVE_SYS_TYPES_H 1
#define HAVE_UNISTD_H 1
#define STDC_HEADERS 1
#define restrict __restrict__
#define HAVE_LIBC 1
#define HAVE_UNSHARE 1

configure: exit 0
